<?xml version="1.0" encoding="UTF-8"?>
<robot generator="Robot 2.8.1 (Jython 2.5.3 on java1.8.0_101)" generated="20180207 16:06:23.893">
<suite source="C:\Users\hp\workspaces\prueba360\src\test\robotframework\acceptance" name="Acceptance" id="s1">
<suite source="C:\Users\hp\workspaces\prueba360\src\test\robotframework\acceptance\CBSBO_1003.robot" name="CBSBO 1003" id="s1-s1">
<test name="Subcriptor Invalido" id="s1-s1-t1">
<kw type="kw" name="Abrir Navegador">
<doc>Ingresamos al Navegador</doc>
<arguments>
</arguments>
<kw type="kw" name="SeleniumLibrary.Open Browser">
<doc>Opens a new browser instance to given URL.&lt;br&gt;</doc>
<arguments>
<arg>${url}</arg>
<arg>${browser}</arg>
</arguments>
<msg level="INFO" timestamp="20180207 16:06:26.044">browserName: Firefox</msg>
<msg level="INFO" timestamp="20180207 16:06:26.046">Opening browser 'Firefox' to base url 'https://172.29.81.156:8543/vista_ccc/'</msg>
<msg level="WARN" timestamp="20180207 16:07:22.404">Opening browser 'Firefox' to base url 'https://172.29.81.156:8543/vista_ccc/' failed</msg>
<kw type="kw" name="SeleniumLibrary.Capture Page Screenshot">
<doc>Take a screenshot of the current page and embed it into the log.&lt;br&gt;</doc>
<arguments>
</arguments>
<msg level="WARN" timestamp="20180207 16:07:22.440">Can't take screenshot. No open browser found</msg>
<status endtime="20180207 16:07:22.451" starttime="20180207 16:07:22.426" status="PASS"></status>
</kw>
<msg level="INFO" timestamp="20180207 16:07:22.455">firefox</msg>
<msg level="INFO" timestamp="20180207 16:07:22.473">org.openqa.selenium.firefox.NotConnectedException: Unable to connect to host 127.0.0.1 on port 7055 after 45000 ms. Firefox console output:
ors"]},"visible":true,"active":true,"userDisabled":false,"appDisabled":false,"installDate":1518008163984,"updateDate":1518008163984,"applyBackgroundUpdates":1,"path":"C:\\Program Files\\Mozilla Firefox\\browser\\extensions\\{972ce4c6-7e08-4474-a285-3208198ce6fd}.xpi","skinnable":true,"size":3206,"sourceURI":null,"releaseNotesURI":null,"softDisabled":false,"foreignInstall":false,"hasBinaryComponents":false,"strictCompatibility":true,"locales":[],"targetApplications":[{"id":"{ec8030f7-c20a-464f-9b0e-13a3a9e97384}","minVersion":"58.0.1","maxVersion":"58.0.1"}],"targetPlatforms":[],"seen":true,"dependencies":[],"hasEmbeddedWebExtension":false,"userPermissions":null,"icons":{},"iconURL":"chrome://browser/content/default-theme-icon.svg","icon64URL":null,"blocklistState":0,"blocklistURL":null,"startupData":null}
1518034002607	addons.xpi	DEBUG	Updating database with changes to installed add-ons
1518034002607	addons.xpi-utils	DEBUG	Updating add-on states
1518034002638	addons.xpi	DEBUG	Registering manifest for C:\Program Files\Mozilla Firefox\browser\features\activity-stream@mozilla.org.xpi
1518034002639	addons.xpi	DEBUG	Calling bootstrap method startup on activity-stream@mozilla.org version 2018.01.04.0062-4997c81d
1518034002640	addons.xpi	DEBUG	Registering manifest for C:\Program Files\Mozilla Firefox\browser\features\aushelper@mozilla.org.xpi
1518034002640	addons.xpi	DEBUG	Calling bootstrap method startup on aushelper@mozilla.org version 2.0
1518034002654	addons.xpi	DEBUG	Registering manifest for C:\Program Files\Mozilla Firefox\browser\features\firefox@getpocket.com.xpi
1518034002654	addons.xpi	DEBUG	Calling bootstrap method startup on firefox@getpocket.com version 1.0.5
1518034002903	addons.xpi	DEBUG	Registering manifest for C:\Program Files\Mozilla Firefox\browser\features\followonsearch@mozilla.com.xpi
1518034002904	addons.xpi	DEBUG	Calling bootstrap method startup on followonsearch@mozilla.com version 0.9.6
1518034002906	addons.xpi	DEBUG	Registering manifest for C:\Program Files\Mozilla Firefox\browser\features\formautofill@mozilla.org.xpi
1518034002908	addons.xpi	DEBUG	Calling bootstrap method startup on formautofill@mozilla.org version 1.0
1518034002909	addons.xpi	DEBUG	Registering manifest for C:\Program Files\Mozilla Firefox\browser\features\onboarding@mozilla.org.xpi
1518034002910	addons.xpi	DEBUG	Calling bootstrap method startup on onboarding@mozilla.org version 1.0
1518034002911	addons.xpi	DEBUG	Registering manifest for C:\Program Files\Mozilla Firefox\browser\features\screenshots@mozilla.org.xpi
1518034002913	addons.xpi	DEBUG	Calling bootstrap method startup on screenshots@mozilla.org version 25.0.0
1518034002914	addons.xpi	DEBUG	Registering manifest for C:\Program Files\Mozilla Firefox\browser\features\shield-recipe-client@mozilla.org.xpi
1518034002915	addons.xpi	DEBUG	Calling bootstrap method startup on shield-recipe-client@mozilla.org version 76.1
1518034002948	addons.xpi	DEBUG	Registering manifest for C:\Program Files\Mozilla Firefox\browser\features\webcompat@mozilla.org.xpi
1518034002949	addons.xpi	DEBUG	Calling bootstrap method startup on webcompat@mozilla.org version 1.1
1518034002974	addons.manager	DEBUG	Registering shutdown blocker for XPIProvider
1518034002974	addons.manager	DEBUG	Provider finished startup: XPIProvider
1518034002974	addons.manager	DEBUG	Starting provider: LightweightThemeManager
1518034002974	addons.manager	DEBUG	Registering shutdown blocker for LightweightThemeManager
1518034002974	addons.manager	DEBUG	Provider finished startup: LightweightThemeManager
1518034002975	addons.manager	DEBUG	Starting provider: GMPProvider
1518034002989	addons.manager	DEBUG	Registering shutdown blocker for GMPProvider
1518034002989	addons.manager	DEBUG	Provider finished startup: GMPProvider
1518034002989	addons.manager	DEBUG	Starting provider: PluginProvider
1518034002989	addons.manager	DEBUG	Registering shutdown blocker for PluginProvider
1518034002989	addons.manager	DEBUG	Provider finished startup: PluginProvider
1518034002990	addons.manager	DEBUG	Completed startup sequence

	at org.openqa.selenium.firefox.internal.NewProfileExtensionConnection.start(NewProfileExtensionConnection.java:113)
	at org.openqa.selenium.firefox.FirefoxDriver.startClient(FirefoxDriver.java:271)
	at org.openqa.selenium.remote.RemoteWebDriver.&lt;init&gt;(RemoteWebDriver.java:119)
	at org.openqa.selenium.firefox.FirefoxDriver.&lt;init&gt;(FirefoxDriver.java:216)
	at org.openqa.selenium.firefox.FirefoxDriver.&lt;init&gt;(FirefoxDriver.java:211)
	at org.openqa.selenium.firefox.FirefoxDriver.&lt;init&gt;(FirefoxDriver.java:128)
	at com.github.markusbernhardt.seleniumlibrary.keywords.BrowserManagement.createLocalWebDriver(BrowserManagement.java:1384)
	at com.github.markusbernhardt.seleniumlibrary.keywords.BrowserManagement.createWebDriver(BrowserManagement.java:1372)
	at com.github.markusbernhardt.seleniumlibrary.keywords.BrowserManagement.openBrowser(BrowserManagement.java:397)
	at com.github.markusbernhardt.seleniumlibrary.keywords.BrowserManagement.openBrowser(BrowserManagement.java:216)
	at com.github.markusbernhardt.seleniumlibrary.keywords.BrowserManagement.openBrowser(BrowserManagement.java:211)
	at com.github.markusbernhardt.seleniumlibrary.keywords.BrowserManagement.openBrowser(BrowserManagement.java:206)
	at com.github.markusbernhardt.seleniumlibrary.keywords.BrowserManagement.openBrowser(BrowserManagement.java:201)
	at sun.reflect.NativeMethodAccessorImpl.invoke0(Native Method)
	at sun.reflect.NativeMethodAccessorImpl.invoke(NativeMethodAccessorImpl.java:62)
	at sun.reflect.DelegatingMethodAccessorImpl.invoke(DelegatingMethodAccessorImpl.java:43)
	at java.lang.reflect.Method.invoke(Method.java:498)
	at org.robotframework.javalib.reflection.KeywordInvoker.invoke(KeywordInvoker.java:50)
	at org.robotframework.javalib.beans.annotation.AnnotationKeywordExtractor$1.execute(AnnotationKeywordExtractor.java:62)
	at org.robotframework.javalib.beans.annotation.AnnotationKeywordExtractor$2.execute(AnnotationKeywordExtractor.java:84)
	at org.robotframework.javalib.beans.annotation.AnnotationKeywordExtractor$2.execute(AnnotationKeywordExtractor.java:86)
	at org.robotframework.javalib.beans.annotation.AnnotationKeywordExtractor$2.execute(AnnotationKeywordExtractor.java:86)
	at org.robotframework.javalib.library.KeywordFactoryBasedLibrary.runKeyword(KeywordFactoryBasedLibrary.java:37)
	at org.robotframework.javalib.library.AnnotationLibrary.runKeyword(AnnotationLibrary.java:128)
	at com.github.markusbernhardt.seleniumlibrary.SeleniumLibrary.runKeyword(SeleniumLibrary.java:499)
	at sun.reflect.NativeMethodAccessorImpl.invoke0(Native Method)
	at sun.reflect.NativeMethodAccessorImpl.invoke(NativeMethodAccessorImpl.java:62)
	at sun.reflect.DelegatingMethodAccessorImpl.invoke(DelegatingMethodAccessorImpl.java:43)
	at java.lang.reflect.Method.invoke(Method.java:498)
	at org.python.core.PyReflectedFunction.__call__(PyReflectedFunction.java:186)
	at org.python.core.PyReflectedFunction.__call__(PyReflectedFunction.java:204)
	at org.python.core.PyObject.__call__(PyObject.java:422)
	at org.python.core.PyObject.__call__(PyObject.java:426)
	at org.python.core.PyMethod.__call__(PyMethod.java:139)
	at robot.running.handlers$py.handler$49(C:\workspace\robotframework\tmp-jar-dir\Lib\robot\running\handlers.py:232)
	at robot.running.handlers$py.call_function(C:\workspace\robotframework\tmp-jar-dir\Lib\robot\running\handlers.py)
	at org.python.core.PyTableCode.call(PyTableCode.java:165)
	at org.python.core.PyBaseCode.call(PyBaseCode.java:301)
	at org.python.core.PyFunction.function___call__(PyFunction.java:376)
	at org.python.core.PyFunction.__call__(PyFunction.java:371)
	at org.python.core.PyFunction.__call__(PyFunction.java:366)
	at org.python.core.PyObject._callextra(PyObject.java:527)
	at robot.running.handlers$py.f$25(C:\workspace\robotframework\tmp-jar-dir\Lib\robot\running\handlers.py:137)
	at robot.running.handlers$py.call_function(C:\workspace\robotframework\tmp-jar-dir\Lib\robot\running\handlers.py)
	at org.python.core.PyTableCode.call(PyTableCode.java:165)
	at org.python.core.PyBaseCode.call(PyBaseCode.java:120)
	at org.python.core.PyFunction.__call__(PyFunction.java:307)
	at robot.running.handlers$py._run_with_signal_monitoring$27(C:\workspace\robotframework\tmp-jar-dir\Lib\robot\running\handlers.py:148)
	at robot.running.handlers$py.call_function(C:\workspace\robotframework\tmp-jar-dir\Lib\robot\running\handlers.py)
	at org.python.core.PyTableCode.call(PyTableCode.java:165)
	at org.python.core.PyBaseCode.call(PyBaseCode.java:166)
	at org.python.core.PyFunction.__call__(PyFunction.java:338)
	at org.python.core.PyMethod.__call__(PyMethod.java:139)
	at robot.running.handlers$py._run_with_output_captured_and_signal_monitor$26(C:\workspace\robotframework\tmp-jar-dir\Lib\robot\running\handlers.py:141)
	at robot.running.handlers$py.call_function(C:\workspace\robotframework\tmp-jar-dir\Lib\robot\running\handlers.py)
	at org.python.core.PyTableCode.call(PyTableCode.java:165)
	at org.python.core.PyBaseCode.call(PyBaseCode.java:166)
	at org.python.core.PyFunction.__call__(PyFunction.java:338)
	at org.python.core.PyMethod.__call__(PyMethod.java:139)
	at robot.running.handlers$py._run$20(C:\workspace\robotframework\tmp-jar-dir\Lib\robot\running\handlers.py:125)
	at robot.running.handlers$py.call_function(C:\workspace\robotframework\tmp-jar-dir\Lib\robot\running\handlers.py)
	at org.python.core.PyTableCode.call(PyTableCode.java:165)
	at org.python.core.PyBaseCode.call(PyBaseCode.java:166)
	at org.python.core.PyFunction.__call__(PyFunction.java:338)
	at org.python.core.PyMethod.__call__(PyMethod.java:139)
	at robot.running.handlers$py.run$18(C:\workspace\robotframework\tmp-jar-dir\Lib\robot\running\handlers.py:111)
	at robot.running.handlers$py.call_function(C:\workspace\robotframework\tmp-jar-dir\Lib\robot\running\handlers.py)
	at org.python.core.PyTableCode.call(PyTableCode.java:165)
	at org.python.core.PyBaseCode.call(PyBaseCode.java:166)
	at org.python.core.PyFunction.__call__(PyFunction.java:338)
	at org.python.core.PyMethod.__call__(PyMethod.java:139)
	at robot.running.keywords$py._run$19(C:\workspace\robotframework\tmp-jar-dir\Lib\robot\running\keywords.py:142)
	at robot.running.keywords$py.call_function(C:\workspace\robotframework\tmp-jar-dir\Lib\robot\running\keywords.py)
	at org.python.core.PyTableCode.call(PyTableCode.java:165)
	at org.python.core.PyBaseCode.call(PyBaseCode.java:166)
	at org.python.core.PyFunction.__call__(PyFunction.java:338)
	at org.python.core.PyMethod.__call__(PyMethod.java:139)
	at robot.running.keywords$py.run$15(C:\workspace\robotframework\tmp-jar-dir\Lib\robot\running\keywords.py:114)
	at robot.running.keywords$py.call_function(C:\workspace\robotframework\tmp-jar-dir\Lib\robot\running\keywords.py)
	at org.python.core.PyTableCode.call(PyTableCode.java:165)
	at org.python.core.PyBaseCode.call(PyBaseCode.java:149)
	at org.python.core.PyFunction.__call__(PyFunction.java:327)
	at org.python.core.PyMethod.__call__(PyMethod.java:124)
	at robot.running.keywords$py.run$5(C:\workspace\robotframework\tmp-jar-dir\Lib\robot\running\keywords.py:59)
	at robot.running.keywords$py.call_function(C:\workspace\robotframework\tmp-jar-dir\Lib\robot\running\keywords.py)
	at org.python.core.PyTableCode.call(PyTableCode.java:165)
	at org.python.core.PyBaseCode.call(PyBaseCode.java:149)
	at org.python.core.PyFunction.__call__(PyFunction.java:327)
	at org.python.core.PyMethod.__call__(PyMethod.java:124)
	at robot.running.userkeyword$py._execute$20(C:\workspace\robotframework\tmp-jar-dir\Lib\robot\running\userkeyword.py:197)
	at robot.running.userkeyword$py.call_function(C:\workspace\robotframework\tmp-jar-dir\Lib\robot\running\userkeyword.py)
	at org.python.core.PyTableCode.call(PyTableCode.java:165)
	at org.python.core.PyBaseCode.call(PyBaseCode.java:166)
	at org.python.core.PyFunction.__call__(PyFunction.java:338)
	at org.python.core.PyMethod.__call__(PyMethod.java:139)
	at robot.running.userkeyword$py._normal_run$18(C:\workspace\robotframework\tmp-jar-dir\Lib\robot\running\userkeyword.py:169)
	at robot.running.userkeyword$py.call_function(C:\workspace\robotframework\tmp-jar-dir\Lib\robot\running\userkeyword.py)
	at org.python.core.PyTableCode.call(PyTableCode.java:165)
	at org.python.core.PyBaseCode.call(PyBaseCode.java:166)
	at org.python.core.PyFunction.__call__(PyFunction.java:338)
	at org.python.core.PyMethod.__call__(PyMethod.java:139)
	at robot.running.userkeyword$py._run$15(C:\workspace\robotframework\tmp-jar-dir\Lib\robot\running\userkeyword.py:147)
	at robot.running.userkeyword$py.call_function(C:\workspace\robotframework\tmp-jar-dir\Lib\robot\running\userkeyword.py)
	at org.python.core.PyTableCode.call(PyTableCode.java:165)
	at org.python.core.PyBaseCode.call(PyBaseCode.java:166)
	at org.python.core.PyFunction.__call__(PyFunction.java:338)
	at org.python.core.PyMethod.__call__(PyMethod.java:139)
	at robot.running.userkeyword$py.run$14(C:\workspace\robotframework\tmp-jar-dir\Lib\robot\running\userkeyword.py:142)
	at robot.running.userkeyword$py.call_function(C:\workspace\robotframework\tmp-jar-dir\Lib\robot\running\userkeyword.py)
	at org.python.core.PyTableCode.call(PyTableCode.java:165)
	at org.python.core.PyBaseCode.call(PyBaseCode.java:166)
	at org.python.core.PyFunction.__call__(PyFunction.java:338)
	at org.python.core.PyMethod.__call__(PyMethod.java:139)
	at robot.running.keywords$py._run$19(C:\workspace\robotframework\tmp-jar-dir\Lib\robot\running\keywords.py:142)
	at robot.running.keywords$py.call_function(C:\workspace\robotframework\tmp-jar-dir\Lib\robot\running\keywords.py)
	at org.python.core.PyTableCode.call(PyTableCode.java:165)
	at org.python.core.PyBaseCode.call(PyBaseCode.java:166)
	at org.python.core.PyFunction.__call__(PyFunction.java:338)
	at org.python.core.PyMethod.__call__(PyMethod.java:139)
	at robot.running.keywords$py.run$15(C:\workspace\robotframework\tmp-jar-dir\Lib\robot\running\keywords.py:114)
	at robot.running.keywords$py.call_function(C:\workspace\robotframework\tmp-jar-dir\Lib\robot\running\keywords.py)
	at org.python.core.PyTableCode.call(PyTableCode.java:165)
	at org.python.core.PyBaseCode.call(PyBaseCode.java:149)
	at org.python.core.PyFunction.__call__(PyFunction.java:327)
	at org.python.core.PyMethod.__call__(PyMethod.java:124)
	at robot.running.keywords$py.run$5(C:\workspace\robotframework\tmp-jar-dir\Lib\robot\running\keywords.py:59)
	at robot.running.keywords$py.call_function(C:\workspace\robotframework\tmp-jar-dir\Lib\robot\running\keywords.py)
	at org.python.core.PyTableCode.call(PyTableCode.java:165)
	at org.python.core.PyBaseCode.call(PyBaseCode.java:149)
	at org.python.core.PyFunction.__call__(PyFunction.java:327)
	at org.python.core.PyMethod.__call__(PyMethod.java:124)
	at robot.running.runner$py.visit_test$8(C:\workspace\robotframework\tmp-jar-dir\Lib\robot\running\runner.py:148)
	at robot.running.runner$py.call_function(C:\workspace\robotframework\tmp-jar-dir\Lib\robot\running\runner.py)
	at org.python.core.PyTableCode.call(PyTableCode.java:165)
	at org.python.core.PyBaseCode.call(PyBaseCode.java:149)
	at org.python.core.PyFunction.__call__(PyFunction.java:327)
	at org.python.core.PyMethod.__call__(PyMethod.java:124)
	at robot.model.testcase$py.visit$7(C:\workspace\robotframework\tmp-jar-dir\Lib\robot\model\testcase.py:65)
	at robot.model.testcase$py.call_function(C:\workspace\robotframework\tmp-jar-dir\Lib\robot\model\testcase.py)
	at org.python.core.PyTableCode.call(PyTableCode.java:165)
	at org.python.core.PyBaseCode.call(PyBaseCode.java:149)
	at org.python.core.PyFunction.__call__(PyFunction.java:327)
	at org.python.core.PyMethod.__call__(PyMethod.java:124)
	at robot.model.itemlist$py.visit$9(C:\workspace\robotframework\tmp-jar-dir\Lib\robot\model\itemlist.py:54)
	at robot.model.itemlist$py.call_function(C:\workspace\robotframework\tmp-jar-dir\Lib\robot\model\itemlist.py)
	at org.python.core.PyTableCode.call(PyTableCode.java:165)
	at org.python.core.PyBaseCode.call(PyBaseCode.java:149)
	at org.python.core.PyFunction.__call__(PyFunction.java:327)
	at org.python.core.PyMethod.__call__(PyMethod.java:124)
	at robot.model.visitor$py.visit_suite$2(C:\workspace\robotframework\tmp-jar-dir\Lib\robot\model\visitor.py:22)
	at robot.model.visitor$py.call_function(C:\workspace\robotframework\tmp-jar-dir\Lib\robot\model\visitor.py)
	at org.python.core.PyTableCode.call(PyTableCode.java:165)
	at org.python.core.PyBaseCode.call(PyBaseCode.java:149)
	at org.python.core.PyFunction.__call__(PyFunction.java:327)
	at org.python.core.PyMethod.__call__(PyMethod.java:124)
	at robot.model.testsuite$py.visit$19(C:\workspace\robotframework\tmp-jar-dir\Lib\robot\model\testsuite.py:152)
	at robot.model.testsuite$py.call_function(C:\workspace\robotframework\tmp-jar-dir\Lib\robot\model\testsuite.py)
	at org.python.core.PyTableCode.call(PyTableCode.java:165)
	at org.python.core.PyBaseCode.call(PyBaseCode.java:149)
	at org.python.core.PyFunction.__call__(PyFunction.java:327)
	at org.python.core.PyMethod.__call__(PyMethod.java:124)
	at robot.model.itemlist$py.visit$9(C:\workspace\robotframework\tmp-jar-dir\Lib\robot\model\itemlist.py:54)
	at robot.model.itemlist$py.call_function(C:\workspace\robotframework\tmp-jar-dir\Lib\robot\model\itemlist.py)
	at org.python.core.PyTableCode.call(PyTableCode.java:165)
	at org.python.core.PyBaseCode.call(PyBaseCode.java:149)
	at org.python.core.PyFunction.__call__(PyFunction.java:327)
	at org.python.core.PyMethod.__call__(PyMethod.java:124)
	at robot.model.visitor$py.visit_suite$2(C:\workspace\robotframework\tmp-jar-dir\Lib\robot\model\visitor.py:22)
	at robot.model.visitor$py.call_function(C:\workspace\robotframework\tmp-jar-dir\Lib\robot\model\visitor.py)
	at org.python.core.PyTableCode.call(PyTableCode.java:165)
	at org.python.core.PyBaseCode.call(PyBaseCode.java:149)
	at org.python.core.PyFunction.__call__(PyFunction.java:327)
	at org.python.core.PyMethod.__call__(PyMethod.java:124)
	at robot.model.testsuite$py.visit$19(C:\workspace\robotframework\tmp-jar-dir\Lib\robot\model\testsuite.py:152)
	at robot.model.testsuite$py.call_function(C:\workspace\robotframework\tmp-jar-dir\Lib\robot\model\testsuite.py)
	at org.python.core.PyTableCode.call(PyTableCode.java:165)
	at org.python.core.PyBaseCode.call(PyBaseCode.java:149)
	at org.python.core.PyFunction.__call__(PyFunction.java:327)
	at org.python.core.PyMethod.__call__(PyMethod.java:124)
	at robot.running.model$py.run$22(C:\workspace\robotframework\tmp-jar-dir\Lib\robot\running\model.py:189)
	at robot.running.model$py.call_function(C:\workspace\robotframework\tmp-jar-dir\Lib\robot\running\model.py)
	at org.python.core.PyTableCode.call(PyTableCode.java:165)
	at org.python.core.PyBaseCode.call(PyBaseCode.java:301)
	at org.python.core.PyBaseCode.call(PyBaseCode.java:141)
	at org.python.core.PyFunction.__call__(PyFunction.java:327)
	at org.python.core.PyMethod.__call__(PyMethod.java:124)
	at robot.run$py.main$3(C:\workspace\robotframework\tmp-jar-dir\Lib\robot\run.py:391)
	at robot.run$py.call_function(C:\workspace\robotframework\tmp-jar-dir\Lib\robot\run.py)
	at org.python.core.PyTableCode.call(PyTableCode.java:165)
	at org.python.core.PyBaseCode.call(PyBaseCode.java:301)
	at org.python.core.PyBaseCode.call(PyBaseCode.java:194)
	at org.python.core.PyFunction.__call__(PyFunction.java:387)
	at org.python.core.PyMethod.instancemethod___call__(PyMethod.java:220)
	at org.python.core.PyMethod.__call__(PyMethod.java:211)
	at org.python.core.PyMethod.__call__(PyMethod.java:206)
	at org.python.core.PyObject._callextra(PyObject.java:527)
	at robot.utils.application$py._execute$10(C:\workspace\robotframework\tmp-jar-dir\Lib\robot\utils\application.py:88)
	at robot.utils.application$py.call_function(C:\workspace\robotframework\tmp-jar-dir\Lib\robot\utils\application.py)
	at org.python.core.PyTableCode.call(PyTableCode.java:165)
	at org.python.core.PyBaseCode.call(PyBaseCode.java:166)
	at org.python.core.PyFunction.__call__(PyFunction.java:338)
	at org.python.core.PyMethod.__call__(PyMethod.java:139)
	at robot.utils.application$py.execute_cli$5(C:\workspace\robotframework\tmp-jar-dir\Lib\robot\utils\application.py:45)
	at robot.utils.application$py.call_function(C:\workspace\robotframework\tmp-jar-dir\Lib\robot\utils\application.py)
	at org.python.core.PyTableCode.call(PyTableCode.java:165)
	at org.python.core.PyBaseCode.call(PyBaseCode.java:149)
	at org.python.core.PyFunction.__call__(PyFunction.java:327)
	at org.python.core.PyMethod.__call__(PyMethod.java:124)
	at robot.run$py.run_cli$7(C:\workspace\robotframework\tmp-jar-dir\Lib\robot\run.py:415)
	at robot.run$py.call_function(C:\workspace\robotframework\tmp-jar-dir\Lib\robot\run.py)
	at org.python.core.PyTableCode.call(PyTableCode.java:165)
	at org.python.core.PyBaseCode.call(PyBaseCode.java:134)
	at org.python.core.PyFunction.__call__(PyFunction.java:317)
	at robot.jarrunner$py._run$3(C:\workspace\robotframework\tmp-jar-dir\Lib\robot\jarrunner.py:60)
	at robot.jarrunner$py.call_function(C:\workspace\robotframework\tmp-jar-dir\Lib\robot\jarrunner.py)
	at org.python.core.PyTableCode.call(PyTableCode.java:165)
	at org.python.core.PyBaseCode.call(PyBaseCode.java:149)
	at org.python.core.PyFunction.__call__(PyFunction.java:327)
	at org.python.core.PyMethod.__call__(PyMethod.java:124)
	at robot.jarrunner$py.run$2(C:\workspace\robotframework\tmp-jar-dir\Lib\robot\jarrunner.py:53)
	at robot.jarrunner$py.call_function(C:\workspace\robotframework\tmp-jar-dir\Lib\robot\jarrunner.py)
	at org.python.core.PyTableCode.call(PyTableCode.java:165)
	at org.python.core.PyBaseCode.call(PyBaseCode.java:301)
	at org.python.core.PyBaseCode.call(PyBaseCode.java:194)
	at org.python.core.PyFunction.__call__(PyFunction.java:387)
	at org.python.core.PyMethod.instancemethod___call__(PyMethod.java:220)
	at org.python.core.PyMethod.__call__(PyMethod.java:211)
	at org.python.core.PyMethod.__call__(PyMethod.java:201)
	at org.python.core.PyMethod.__call__(PyMethod.java:196)
	at org.python.core.PyObject._jcallexc(PyObject.java:3502)
	at org.python.core.PyObject._jcall(PyObject.java:3534)
	at org.python.proxies.robot.jarrunner$JarRunner$2.run(Unknown Source)
	at org.robotframework.RobotFramework.run(RobotFramework.java:62)
	at org.robotframework.mavenplugin.AcceptanceTestMojo.executeRobot(AcceptanceTestMojo.java:73)
	at org.robotframework.mavenplugin.AcceptanceTestMojo.subclassExecute(AcceptanceTestMojo.java:68)
	at org.robotframework.mavenplugin.AbstractMojoWithLoadedClasspath.execute(AbstractMojoWithLoadedClasspath.java:52)
	at org.apache.maven.plugin.DefaultBuildPluginManager.executeMojo(DefaultBuildPluginManager.java:134)
	at org.apache.maven.lifecycle.internal.MojoExecutor.execute(MojoExecutor.java:208)
	at org.apache.maven.lifecycle.internal.MojoExecutor.execute(MojoExecutor.java:154)
	at org.apache.maven.lifecycle.internal.MojoExecutor.execute(MojoExecutor.java:146)
	at org.apache.maven.lifecycle.internal.LifecycleModuleBuilder.buildProject(LifecycleModuleBuilder.java:117)
	at org.apache.maven.lifecycle.internal.LifecycleModuleBuilder.buildProject(LifecycleModuleBuilder.java:81)
	at org.apache.maven.lifecycle.internal.builder.singlethreaded.SingleThreadedBuilder.build(SingleThreadedBuilder.java:51)
	at org.apache.maven.lifecycle.internal.LifecycleStarter.execute(LifecycleStarter.java:128)
	at org.apache.maven.DefaultMaven.doExecute(DefaultMaven.java:309)
	at org.apache.maven.DefaultMaven.doExecute(DefaultMaven.java:194)
	at org.apache.maven.DefaultMaven.execute(DefaultMaven.java:107)
	at org.apache.maven.cli.MavenCli.execute(MavenCli.java:955)
	at org.apache.maven.cli.MavenCli.doMain(MavenCli.java:290)
	at org.apache.maven.cli.MavenCli.main(MavenCli.java:194)
	at sun.reflect.NativeMethodAccessorImpl.invoke0(Native Method)
	at sun.reflect.NativeMethodAccessorImpl.invoke(NativeMethodAccessorImpl.java:62)
	at sun.reflect.DelegatingMethodAccessorImpl.invoke(DelegatingMethodAccessorImpl.java:43)
	at java.lang.reflect.Method.invoke(Method.java:498)
	at org.codehaus.plexus.classworlds.launcher.Launcher.launchEnhanced(Launcher.java:289)
	at org.codehaus.plexus.classworlds.launcher.Launcher.launch(Launcher.java:229)
	at org.codehaus.plexus.classworlds.launcher.Launcher.mainWithExitCode(Launcher.java:415)
	at org.codehaus.plexus.classworlds.launcher.Launcher.main(Launcher.java:356)</msg>
<msg level="FAIL" timestamp="20180207 16:07:24.705">org.openqa.selenium.WebDriverException: Failed to connect to binary FirefoxBinary(C:\Program Files\Mozilla Firefox\firefox.exe) on port 7055; process output follows: 
ors"]},"visible":true,"active":true,"userDisabled":false,"appDisabled":false,"installDate":1518008163984,"updateDate":1518008163984,"applyBackgroundUpdates":1,"path":"C:\\Program Files\\Mozilla Firefox\\browser\\extensions\\{972ce4c6-7e08-4474-a285-3208198ce6fd}.xpi","skinnable":true,"size":3206,"sourceURI":null,"releaseNotesURI":null,"softDisabled":false,"foreignInstall":false,"hasBinaryComponents":false,"strictCompatibility":true,"locales":[],"targetApplications":[{"id":"{ec8030f7-c20a-464f-9b0e-13a3a9e97384}","minVersion":"58.0.1","maxVersion":"58.0.1"}],"targetPlatforms":[],"seen":true,"dependencies":[],"hasEmbeddedWebExtension":false,"userPermissions":null,"icons":{},"iconURL":"chrome://browser/content/default-theme-icon.svg","icon64URL":null,"blocklistState":0,"blocklistURL":null,"startupData":null}
1518034002607	addons.xpi	DEBUG	Updating database with changes to installed add-ons
1518034002607	addons.xpi-utils	DEBUG	Updating add-on states
1518034002638	addons.xpi	DEBUG	Registering manifest for C:\Program Files\Mozilla Firefox\browser\features\activity-stream@mozilla.org.xpi
1518034002639	addons.xpi	DEBUG	Calling bootstrap method startup on activity-stream@mozilla.org version 2018.01.04.0062-4997c81d
1518034002640	addons.xpi	DEBUG	Registering manifest for C:\Program Files\Mozilla Firefox\browser\features\aushelper@mozilla.org.xpi
1518034002640	addons.xpi	DEBUG	Calling bootstrap method startup on aushelper@mozilla.org version 2.0
1518034002654	addons.xpi	DEBUG	Registering manifest for C:\Program Files\Mozilla Firefox\browser\features\firefox@getpocket.com.xpi
1518034002654	addons.xpi	DEBUG	Calling bootstrap method startup on firefox@getpocket.com version 1.0.5
1518034002903	addons.xpi	DEBUG	Registering manifest for C:\Program Files\Mozilla Firefox\browser\features\followonsearch@mozilla.com.xpi
1518034002904	addons.xpi	DEBUG	Calling bootstrap method startup on followonsearch@mozilla.com version 0.9.6
1518034002906	addons.xpi	DEBUG	Registering manifest for C:\Program Files\Mozilla Firefox\browser\features\formautofill@mozilla.org.xpi
1518034002908	addons.xpi	DEBUG	Calling bootstrap method startup on formautofill@mozilla.org version 1.0
1518034002909	addons.xpi	DEBUG	Registering manifest for C:\Program Files\Mozilla Firefox\browser\features\onboarding@mozilla.org.xpi
1518034002910	addons.xpi	DEBUG	Calling bootstrap method startup on onboarding@mozilla.org version 1.0
1518034002911	addons.xpi	DEBUG	Registering manifest for C:\Program Files\Mozilla Firefox\browser\features\screenshots@mozilla.org.xpi
1518034002913	addons.xpi	DEBUG	Calling bootstrap method startup on screenshots@mozilla.org version 25.0.0
1518034002914	addons.xpi	DEBUG	Registering manifest for C:\Program Files\Mozilla Firefox\browser\features\shield-recipe-client@mozilla.org.xpi
1518034002915	addons.xpi	DEBUG	Calling bootstrap method startup on shield-recipe-client@mozilla.org version 76.1
1518034002948	addons.xpi	DEBUG	Registering manifest for C:\Program Files\Mozilla Firefox\browser\features\webcompat@mozilla.org.xpi
1518034002949	addons.xpi	DEBUG	Calling bootstrap method startup on webcompat@mozilla.org version 1.1
1518034002974	addons.manager	DEBUG	Registering shutdown blocker for XPIProvider
1518034002974	addons.manager	DEBUG	Provider finished startup: XPIProvider
1518034002974	addons.manager	DEBUG	Starting provider: LightweightThemeManager
1518034002974	addons.manager	DEBUG	Registering shutdown blocker for LightweightThemeManager
1518034002974	addons.manager	DEBUG	Provider finished startup: LightweightThemeManager
1518034002975	addons.manager	DEBUG	Starting provider: GMPProvider
1518034002989	addons.manager	DEBUG	Registering shutdown blocker for GMPProvider
1518034002989	addons.manager	DEBUG	Provider finished startup: GMPProvider
1518034002989	addons.manager	DEBUG	Starting provider: PluginProvider
1518034002989	addons.manager	DEBUG	Registering shutdown blocker for PluginProvider
1518034002989	addons.manager	DEBUG	Provider finished startup: PluginProvider
1518034002990	addons.manager	DEBUG	Completed startup sequence

Build info: version: '2.53.0', revision: '35ae25b1534ae328c771e0856c93e187490ca824', time: '2016-03-15 10:43:46'
System info: host: 'Ariel_Anivarro', ip: '192.168.56.1', os.name: 'Windows 10', os.arch: 'amd64', os.version: '10.0', java.version: '1.8.0_101'
Driver info: driver.version: FirefoxDriver</msg>
<msg level="DEBUG" timestamp="20180207 16:07:24.709">java.lang.RuntimeException: org.openqa.selenium.WebDriverException: Failed to connect to binary FirefoxBinary(C:\Program Files\Mozilla Firefox\firefox.exe) on port 7055; process output follows: 
ors"]},"visible":true,"active":true,"userDisabled":false,"appDisabled":false,"installDate":1518008163984,"updateDate":1518008163984,"applyBackgroundUpdates":1,"path":"C:\\Program Files\\Mozilla Firefox\\browser\\extensions\\{972ce4c6-7e08-4474-a285-3208198ce6fd}.xpi","skinnable":true,"size":3206,"sourceURI":null,"releaseNotesURI":null,"softDisabled":false,"foreignInstall":false,"hasBinaryComponents":false,"strictCompatibility":true,"locales":[],"targetApplications":[{"id":"{ec8030f7-c20a-464f-9b0e-13a3a9e97384}","minVersion":"58.0.1","maxVersion":"58.0.1"}],"targetPlatforms":[],"seen":true,"dependencies":[],"hasEmbeddedWebExtension":false,"userPermissions":null,"icons":{},"iconURL":"chrome://browser/content/default-theme-icon.svg","icon64URL":null,"blocklistState":0,"blocklistURL":null,"startupData":null}
1518034002607	addons.xpi	DEBUG	Updating database with changes to installed add-ons
1518034002607	addons.xpi-utils	DEBUG	Updating add-on states
1518034002638	addons.xpi	DEBUG	Registering manifest for C:\Program Files\Mozilla Firefox\browser\features\activity-stream@mozilla.org.xpi
1518034002639	addons.xpi	DEBUG	Calling bootstrap method startup on activity-stream@mozilla.org version 2018.01.04.0062-4997c81d
1518034002640	addons.xpi	DEBUG	Registering manifest for C:\Program Files\Mozilla Firefox\browser\features\aushelper@mozilla.org.xpi
1518034002640	addons.xpi	DEBUG	Calling bootstrap method startup on aushelper@mozilla.org version 2.0
1518034002654	addons.xpi	DEBUG	Registering manifest for C:\Program Files\Mozilla Firefox\browser\features\firefox@getpocket.com.xpi
1518034002654	addons.xpi	DEBUG	Calling bootstrap method startup on firefox@getpocket.com version 1.0.5
1518034002903	addons.xpi	DEBUG	Registering manifest for C:\Program Files\Mozilla Firefox\browser\features\followonsearch@mozilla.com.xpi
1518034002904	addons.xpi	DEBUG	Calling bootstrap method startup on followonsearch@mozilla.com version 0.9.6
1518034002906	addons.xpi	DEBUG	Registering manifest for C:\Program Files\Mozilla Firefox\browser\features\formautofill@mozilla.org.xpi
1518034002908	addons.xpi	DEBUG	Calling bootstrap method startup on formautofill@mozilla.org version 1.0
1518034002909	addons.xpi	DEBUG	Registering manifest for C:\Program Files\Mozilla Firefox\browser\features\onboarding@mozilla.org.xpi
1518034002910	addons.xpi	DEBUG	Calling bootstrap method startup on onboarding@mozilla.org version 1.0
1518034002911	addons.xpi	DEBUG	Registering manifest for C:\Program Files\Mozilla Firefox\browser\features\screenshots@mozilla.org.xpi
1518034002913	addons.xpi	DEBUG	Calling bootstrap method startup on screenshots@mozilla.org version 25.0.0
1518034002914	addons.xpi	DEBUG	Registering manifest for C:\Program Files\Mozilla Firefox\browser\features\shield-recipe-client@mozilla.org.xpi
1518034002915	addons.xpi	DEBUG	Calling bootstrap method startup on shield-recipe-client@mozilla.org version 76.1
1518034002948	addons.xpi	DEBUG	Registering manifest for C:\Program Files\Mozilla Firefox\browser\features\webcompat@mozilla.org.xpi
1518034002949	addons.xpi	DEBUG	Calling bootstrap method startup on webcompat@mozilla.org version 1.1
1518034002974	addons.manager	DEBUG	Registering shutdown blocker for XPIProvider
1518034002974	addons.manager	DEBUG	Provider finished startup: XPIProvider
1518034002974	addons.manager	DEBUG	Starting provider: LightweightThemeManager
1518034002974	addons.manager	DEBUG	Registering shutdown blocker for LightweightThemeManager
1518034002974	addons.manager	DEBUG	Provider finished startup: LightweightThemeManager
1518034002975	addons.manager	DEBUG	Starting provider: GMPProvider
1518034002989	addons.manager	DEBUG	Registering shutdown blocker for GMPProvider
1518034002989	addons.manager	DEBUG	Provider finished startup: GMPProvider
1518034002989	addons.manager	DEBUG	Starting provider: PluginProvider
1518034002989	addons.manager	DEBUG	Registering shutdown blocker for PluginProvider
1518034002989	addons.manager	DEBUG	Provider finished startup: PluginProvider
1518034002990	addons.manager	DEBUG	Completed startup sequence
Build info: version: '2.53.0', revision: '35ae25b1534ae328c771e0856c93e187490ca824', time: '2016-03-15 10:43:46'
System info: host: 'Ariel_Anivarro', ip: '192.168.56.1', os.name: 'Windows 10', os.arch: 'amd64', os.version: '10.0', java.version: '1.8.0_101'
Driver info: driver.version: FirefoxDriver
	at org.robotframework.javalib.library.AnnotationLibrary.retrieveInnerException(AnnotationLibrary.java:148)
	at org.robotframework.javalib.library.AnnotationLibrary.runKeyword(AnnotationLibrary.java:130)
	at com.github.markusbernhardt.seleniumlibrary.SeleniumLibrary.runKeyword(SeleniumLibrary.java:499)
	at robot.model.testcase$py.visit$7(C:\workspace\robotframework\tmp-jar-dir\Lib\robot\model\testcase.py:65)
	at robot.model.testcase$py.call_function(C:\workspace\robotframework\tmp-jar-dir\Lib\robot\model\testcase.py)
	at robot.model.itemlist$py.visit$9(C:\workspace\robotframework\tmp-jar-dir\Lib\robot\model\itemlist.py:54)
	at robot.model.itemlist$py.call_function(C:\workspace\robotframework\tmp-jar-dir\Lib\robot\model\itemlist.py)
	at robot.model.visitor$py.visit_suite$2(C:\workspace\robotframework\tmp-jar-dir\Lib\robot\model\visitor.py:22)
	at robot.model.visitor$py.call_function(C:\workspace\robotframework\tmp-jar-dir\Lib\robot\model\visitor.py)
	at robot.model.testsuite$py.visit$19(C:\workspace\robotframework\tmp-jar-dir\Lib\robot\model\testsuite.py:152)
	at robot.model.testsuite$py.call_function(C:\workspace\robotframework\tmp-jar-dir\Lib\robot\model\testsuite.py)
	at robot.model.itemlist$py.visit$9(C:\workspace\robotframework\tmp-jar-dir\Lib\robot\model\itemlist.py:54)
	at robot.model.itemlist$py.call_function(C:\workspace\robotframework\tmp-jar-dir\Lib\robot\model\itemlist.py)
	at robot.model.visitor$py.visit_suite$2(C:\workspace\robotframework\tmp-jar-dir\Lib\robot\model\visitor.py:22)
	at robot.model.visitor$py.call_function(C:\workspace\robotframework\tmp-jar-dir\Lib\robot\model\visitor.py)
	at robot.model.testsuite$py.visit$19(C:\workspace\robotframework\tmp-jar-dir\Lib\robot\model\testsuite.py:152)
	at robot.model.testsuite$py.call_function(C:\workspace\robotframework\tmp-jar-dir\Lib\robot\model\testsuite.py)
	at robot.run$py.main$3(C:\workspace\robotframework\tmp-jar-dir\Lib\robot\run.py:391)
	at robot.run$py.call_function(C:\workspace\robotframework\tmp-jar-dir\Lib\robot\run.py)
	at robot.utils.application$py._execute$10(C:\workspace\robotframework\tmp-jar-dir\Lib\robot\utils\application.py:88)
	at robot.utils.application$py.call_function(C:\workspace\robotframework\tmp-jar-dir\Lib\robot\utils\application.py)
	at robot.utils.application$py.execute_cli$5(C:\workspace\robotframework\tmp-jar-dir\Lib\robot\utils\application.py:45)
	at robot.utils.application$py.call_function(C:\workspace\robotframework\tmp-jar-dir\Lib\robot\utils\application.py)
	at robot.run$py.run_cli$7(C:\workspace\robotframework\tmp-jar-dir\Lib\robot\run.py:415)
	at robot.run$py.call_function(C:\workspace\robotframework\tmp-jar-dir\Lib\robot\run.py)
	at robot.jarrunner$py._run$3(C:\workspace\robotframework\tmp-jar-dir\Lib\robot\jarrunner.py:60)
	at robot.jarrunner$py.call_function(C:\workspace\robotframework\tmp-jar-dir\Lib\robot\jarrunner.py)
	at robot.jarrunner$py.run$2(C:\workspace\robotframework\tmp-jar-dir\Lib\robot\jarrunner.py:53)
	at robot.jarrunner$py.call_function(C:\workspace\robotframework\tmp-jar-dir\Lib\robot\jarrunner.py)
	at org.robotframework.RobotFramework.run(RobotFramework.java:62)
	at org.robotframework.mavenplugin.AcceptanceTestMojo.executeRobot(AcceptanceTestMojo.java:73)
	at org.robotframework.mavenplugin.AcceptanceTestMojo.subclassExecute(AcceptanceTestMojo.java:68)
	at org.robotframework.mavenplugin.AbstractMojoWithLoadedClasspath.execute(AbstractMojoWithLoadedClasspath.java:52)
	at org.apache.maven.plugin.DefaultBuildPluginManager.executeMojo(DefaultBuildPluginManager.java:134)
	at org.apache.maven.lifecycle.internal.MojoExecutor.execute(MojoExecutor.java:208)
	at org.apache.maven.lifecycle.internal.MojoExecutor.execute(MojoExecutor.java:154)
	at org.apache.maven.lifecycle.internal.MojoExecutor.execute(MojoExecutor.java:146)
	at org.apache.maven.lifecycle.internal.LifecycleModuleBuilder.buildProject(LifecycleModuleBuilder.java:117)
	at org.apache.maven.lifecycle.internal.LifecycleModuleBuilder.buildProject(LifecycleModuleBuilder.java:81)
	at org.apache.maven.lifecycle.internal.builder.singlethreaded.SingleThreadedBuilder.build(SingleThreadedBuilder.java:51)
	at org.apache.maven.lifecycle.internal.LifecycleStarter.execute(LifecycleStarter.java:128)
	at org.apache.maven.DefaultMaven.doExecute(DefaultMaven.java:309)
	at org.apache.maven.DefaultMaven.doExecute(DefaultMaven.java:194)
	at org.apache.maven.DefaultMaven.execute(DefaultMaven.java:107)
	at org.apache.maven.cli.MavenCli.execute(MavenCli.java:955)
	at org.apache.maven.cli.MavenCli.doMain(MavenCli.java:290)
	at org.apache.maven.cli.MavenCli.main(MavenCli.java:194)
	at org.codehaus.plexus.classworlds.launcher.Launcher.launchEnhanced(Launcher.java:289)
	at org.codehaus.plexus.classworlds.launcher.Launcher.launch(Launcher.java:229)
	at org.codehaus.plexus.classworlds.launcher.Launcher.mainWithExitCode(Launcher.java:415)
	at org.codehaus.plexus.classworlds.launcher.Launcher.main(Launcher.java:356)
Caused by: com.github.markusbernhardt.seleniumlibrary.SeleniumLibraryFatalException: org.openqa.selenium.WebDriverException: Failed to connect to binary FirefoxBinary(C:\Program Files\Mozilla Firefox\firefox.exe) on port 7055; process output follows: 
ors"]},"visible":true,"active":true,"userDisabled":false,"appDisabled":false,"installDate":1518008163984,"updateDate":1518008163984,"applyBackgroundUpdates":1,"path":"C:\\Program Files\\Mozilla Firefox\\browser\\extensions\\{972ce4c6-7e08-4474-a285-3208198ce6fd}.xpi","skinnable":true,"size":3206,"sourceURI":null,"releaseNotesURI":null,"softDisabled":false,"foreignInstall":false,"hasBinaryComponents":false,"strictCompatibility":true,"locales":[],"targetApplications":[{"id":"{ec8030f7-c20a-464f-9b0e-13a3a9e97384}","minVersion":"58.0.1","maxVersion":"58.0.1"}],"targetPlatforms":[],"seen":true,"dependencies":[],"hasEmbeddedWebExtension":false,"userPermissions":null,"icons":{},"iconURL":"chrome://browser/content/default-theme-icon.svg","icon64URL":null,"blocklistState":0,"blocklistURL":null,"startupData":null}
1518034002607	addons.xpi	DEBUG	Updating database with changes to installed add-ons
1518034002607	addons.xpi-utils	DEBUG	Updating add-on states
1518034002638	addons.xpi	DEBUG	Registering manifest for C:\Program Files\Mozilla Firefox\browser\features\activity-stream@mozilla.org.xpi
1518034002639	addons.xpi	DEBUG	Calling bootstrap method startup on activity-stream@mozilla.org version 2018.01.04.0062-4997c81d
1518034002640	addons.xpi	DEBUG	Registering manifest for C:\Program Files\Mozilla Firefox\browser\features\aushelper@mozilla.org.xpi
1518034002640	addons.xpi	DEBUG	Calling bootstrap method startup on aushelper@mozilla.org version 2.0
1518034002654	addons.xpi	DEBUG	Registering manifest for C:\Program Files\Mozilla Firefox\browser\features\firefox@getpocket.com.xpi
1518034002654	addons.xpi	DEBUG	Calling bootstrap method startup on firefox@getpocket.com version 1.0.5
1518034002903	addons.xpi	DEBUG	Registering manifest for C:\Program Files\Mozilla Firefox\browser\features\followonsearch@mozilla.com.xpi
1518034002904	addons.xpi	DEBUG	Calling bootstrap method startup on followonsearch@mozilla.com version 0.9.6
1518034002906	addons.xpi	DEBUG	Registering manifest for C:\Program Files\Mozilla Firefox\browser\features\formautofill@mozilla.org.xpi
1518034002908	addons.xpi	DEBUG	Calling bootstrap method startup on formautofill@mozilla.org version 1.0
1518034002909	addons.xpi	DEBUG	Registering manifest for C:\Program Files\Mozilla Firefox\browser\features\onboarding@mozilla.org.xpi
1518034002910	addons.xpi	DEBUG	Calling bootstrap method startup on onboarding@mozilla.org version 1.0
1518034002911	addons.xpi	DEBUG	Registering manifest for C:\Program Files\Mozilla Firefox\browser\features\screenshots@mozilla.org.xpi
1518034002913	addons.xpi	DEBUG	Calling bootstrap method startup on screenshots@mozilla.org version 25.0.0
1518034002914	addons.xpi	DEBUG	Registering manifest for C:\Program Files\Mozilla Firefox\browser\features\shield-recipe-client@mozilla.org.xpi
1518034002915	addons.xpi	DEBUG	Calling bootstrap method startup on shield-recipe-client@mozilla.org version 76.1
1518034002948	addons.xpi	DEBUG	Registering manifest for C:\Program Files\Mozilla Firefox\browser\features\webcompat@mozilla.org.xpi
1518034002949	addons.xpi	DEBUG	Calling bootstrap method startup on webcompat@mozilla.org version 1.1
1518034002974	addons.manager	DEBUG	Registering shutdown blocker for XPIProvider
1518034002974	addons.manager	DEBUG	Provider finished startup: XPIProvider
1518034002974	addons.manager	DEBUG	Starting provider: LightweightThemeManager
1518034002974	addons.manager	DEBUG	Registering shutdown blocker for LightweightThemeManager
1518034002974	addons.manager	DEBUG	Provider finished startup: LightweightThemeManager
1518034002975	addons.manager	DEBUG	Starting provider: GMPProvider
1518034002989	addons.manager	DEBUG	Registering shutdown blocker for GMPProvider
1518034002989	addons.manager	DEBUG	Provider finished startup: GMPProvider
1518034002989	addons.manager	DEBUG	Starting provider: PluginProvider
1518034002989	addons.manager	DEBUG	Registering shutdown blocker for PluginProvider
1518034002989	addons.manager	DEBUG	Provider finished startup: PluginProvider
1518034002990	addons.manager	DEBUG	Completed startup sequence
Build info: version: '2.53.0', revision: '35ae25b1534ae328c771e0856c93e187490ca824', time: '2016-03-15 10:43:46'
System info: host: 'Ariel_Anivarro', ip: '192.168.56.1', os.name: 'Windows 10', os.arch: 'amd64', os.version: '10.0', java.version: '1.8.0_101'
Driver info: driver.version: FirefoxDriver
	at com.github.markusbernhardt.seleniumlibrary.keywords.BrowserManagement.openBrowser(BrowserManagement.java:409)
	at com.github.markusbernhardt.seleniumlibrary.keywords.BrowserManagement.openBrowser(BrowserManagement.java:216)
	at com.github.markusbernhardt.seleniumlibrary.keywords.BrowserManagement.openBrowser(BrowserManagement.java:211)
	at com.github.markusbernhardt.seleniumlibrary.keywords.BrowserManagement.openBrowser(BrowserManagement.java:206)
	at com.github.markusbernhardt.seleniumlibrary.keywords.BrowserManagement.openBrowser(BrowserManagement.java:201)
	at org.robotframework.javalib.reflection.KeywordInvoker.invoke(KeywordInvoker.java:50)
	at org.robotframework.javalib.beans.annotation.AnnotationKeywordExtractor$1.execute(AnnotationKeywordExtractor.java:62)
	at org.robotframework.javalib.beans.annotation.AnnotationKeywordExtractor$2.execute(AnnotationKeywordExtractor.java:84)
	at org.robotframework.javalib.beans.annotation.AnnotationKeywordExtractor$2.execute(AnnotationKeywordExtractor.java:86)
	at org.robotframework.javalib.beans.annotation.AnnotationKeywordExtractor$2.execute(AnnotationKeywordExtractor.java:86)
	at org.robotframework.javalib.library.KeywordFactoryBasedLibrary.runKeyword(KeywordFactoryBasedLibrary.java:37)
	at org.robotframework.javalib.library.AnnotationLibrary.runKeyword(AnnotationLibrary.java:128)
	... 234 more
Caused by: org.openqa.selenium.WebDriverException: Failed to connect to binary FirefoxBinary(C:\Program Files\Mozilla Firefox\firefox.exe) on port 7055; process output follows: 
ors"]},"visible":true,"active":true,"userDisabled":false,"appDisabled":false,"installDate":1518008163984,"updateDate":1518008163984,"applyBackgroundUpdates":1,"path":"C:\\Program Files\\Mozilla Firefox\\browser\\extensions\\{972ce4c6-7e08-4474-a285-3208198ce6fd}.xpi","skinnable":true,"size":3206,"sourceURI":null,"releaseNotesURI":null,"softDisabled":false,"foreignInstall":false,"hasBinaryComponents":false,"strictCompatibility":true,"locales":[],"targetApplications":[{"id":"{ec8030f7-c20a-464f-9b0e-13a3a9e97384}","minVersion":"58.0.1","maxVersion":"58.0.1"}],"targetPlatforms":[],"seen":true,"dependencies":[],"hasEmbeddedWebExtension":false,"userPermissions":null,"icons":{},"iconURL":"chrome://browser/content/default-theme-icon.svg","icon64URL":null,"blocklistState":0,"blocklistURL":null,"startupData":null}
1518034002607	addons.xpi	DEBUG	Updating database with changes to installed add-ons
1518034002607	addons.xpi-utils	DEBUG	Updating add-on states
1518034002638	addons.xpi	DEBUG	Registering manifest for C:\Program Files\Mozilla Firefox\browser\features\activity-stream@mozilla.org.xpi
1518034002639	addons.xpi	DEBUG	Calling bootstrap method startup on activity-stream@mozilla.org version 2018.01.04.0062-4997c81d
1518034002640	addons.xpi	DEBUG	Registering manifest for C:\Program Files\Mozilla Firefox\browser\features\aushelper@mozilla.org.xpi
1518034002640	addons.xpi	DEBUG	Calling bootstrap method startup on aushelper@mozilla.org version 2.0
1518034002654	addons.xpi	DEBUG	Registering manifest for C:\Program Files\Mozilla Firefox\browser\features\firefox@getpocket.com.xpi
1518034002654	addons.xpi	DEBUG	Calling bootstrap method startup on firefox@getpocket.com version 1.0.5
1518034002903	addons.xpi	DEBUG	Registering manifest for C:\Program Files\Mozilla Firefox\browser\features\followonsearch@mozilla.com.xpi
1518034002904	addons.xpi	DEBUG	Calling bootstrap method startup on followonsearch@mozilla.com version 0.9.6
1518034002906	addons.xpi	DEBUG	Registering manifest for C:\Program Files\Mozilla Firefox\browser\features\formautofill@mozilla.org.xpi
1518034002908	addons.xpi	DEBUG	Calling bootstrap method startup on formautofill@mozilla.org version 1.0
1518034002909	addons.xpi	DEBUG	Registering manifest for C:\Program Files\Mozilla Firefox\browser\features\onboarding@mozilla.org.xpi
1518034002910	addons.xpi	DEBUG	Calling bootstrap method startup on onboarding@mozilla.org version 1.0
1518034002911	addons.xpi	DEBUG	Registering manifest for C:\Program Files\Mozilla Firefox\browser\features\screenshots@mozilla.org.xpi
1518034002913	addons.xpi	DEBUG	Calling bootstrap method startup on screenshots@mozilla.org version 25.0.0
1518034002914	addons.xpi	DEBUG	Registering manifest for C:\Program Files\Mozilla Firefox\browser\features\shield-recipe-client@mozilla.org.xpi
1518034002915	addons.xpi	DEBUG	Calling bootstrap method startup on shield-recipe-client@mozilla.org version 76.1
1518034002948	addons.xpi	DEBUG	Registering manifest for C:\Program Files\Mozilla Firefox\browser\features\webcompat@mozilla.org.xpi
1518034002949	addons.xpi	DEBUG	Calling bootstrap method startup on webcompat@mozilla.org version 1.1
1518034002974	addons.manager	DEBUG	Registering shutdown blocker for XPIProvider
1518034002974	addons.manager	DEBUG	Provider finished startup: XPIProvider
1518034002974	addons.manager	DEBUG	Starting provider: LightweightThemeManager
1518034002974	addons.manager	DEBUG	Registering shutdown blocker for LightweightThemeManager
1518034002974	addons.manager	DEBUG	Provider finished startup: LightweightThemeManager
1518034002975	addons.manager	DEBUG	Starting provider: GMPProvider
1518034002989	addons.manager	DEBUG	Registering shutdown blocker for GMPProvider
1518034002989	addons.manager	DEBUG	Provider finished startup: GMPProvider
1518034002989	addons.manager	DEBUG	Starting provider: PluginProvider
1518034002989	addons.manager	DEBUG	Registering shutdown blocker for PluginProvider
1518034002989	addons.manager	DEBUG	Provider finished startup: PluginProvider
1518034002990	addons.manager	DEBUG	Completed startup sequence
Build info: version: '2.53.0', revision: '35ae25b1534ae328c771e0856c93e187490ca824', time: '2016-03-15 10:43:46'
System info: host: 'Ariel_Anivarro', ip: '192.168.56.1', os.name: 'Windows 10', os.arch: 'amd64', os.version: '10.0', java.version: '1.8.0_101'
Driver info: driver.version: FirefoxDriver
	at org.openqa.selenium.firefox.internal.NewProfileExtensionConnection.start(NewProfileExtensionConnection.java:125)
	at org.openqa.selenium.firefox.FirefoxDriver.startClient(FirefoxDriver.java:271)
	at org.openqa.selenium.remote.RemoteWebDriver.&lt;init&gt;(RemoteWebDriver.java:119)
	at org.openqa.selenium.firefox.FirefoxDriver.&lt;init&gt;(FirefoxDriver.java:216)
	at org.openqa.selenium.firefox.FirefoxDriver.&lt;init&gt;(FirefoxDriver.java:211)
	at org.openqa.selenium.firefox.FirefoxDriver.&lt;init&gt;(FirefoxDriver.java:128)
	at com.github.markusbernhardt.seleniumlibrary.keywords.BrowserManagement.createLocalWebDriver(BrowserManagement.java:1384)
	at com.github.markusbernhardt.seleniumlibrary.keywords.BrowserManagement.createWebDriver(BrowserManagement.java:1372)
	at com.github.markusbernhardt.seleniumlibrary.keywords.BrowserManagement.openBrowser(BrowserManagement.java:397)
	... 249 more
Caused by: org.openqa.selenium.firefox.NotConnectedException: Unable to connect to host 127.0.0.1 on port 7055 after 45000 ms. Firefox console output:
ors"]},"visible":true,"active":true,"userDisabled":false,"appDisabled":false,"installDate":1518008163984,"updateDate":1518008163984,"applyBackgroundUpdates":1,"path":"C:\\Program Files\\Mozilla Firefox\\browser\\extensions\\{972ce4c6-7e08-4474-a285-3208198ce6fd}.xpi","skinnable":true,"size":3206,"sourceURI":null,"releaseNotesURI":null,"softDisabled":false,"foreignInstall":false,"hasBinaryComponents":false,"strictCompatibility":true,"locales":[],"targetApplications":[{"id":"{ec8030f7-c20a-464f-9b0e-13a3a9e97384}","minVersion":"58.0.1","maxVersion":"58.0.1"}],"targetPlatforms":[],"seen":true,"dependencies":[],"hasEmbeddedWebExtension":false,"userPermissions":null,"icons":{},"iconURL":"chrome://browser/content/default-theme-icon.svg","icon64URL":null,"blocklistState":0,"blocklistURL":null,"startupData":null}
1518034002607	addons.xpi	DEBUG	Updating database with changes to installed add-ons
1518034002607	addons.xpi-utils	DEBUG	Updating add-on states
1518034002638	addons.xpi	DEBUG	Registering manifest for C:\Program Files\Mozilla Firefox\browser\features\activity-stream@mozilla.org.xpi
1518034002639	addons.xpi	DEBUG	Calling bootstrap method startup on activity-stream@mozilla.org version 2018.01.04.0062-4997c81d
1518034002640	addons.xpi	DEBUG	Registering manifest for C:\Program Files\Mozilla Firefox\browser\features\aushelper@mozilla.org.xpi
1518034002640	addons.xpi	DEBUG	Calling bootstrap method startup on aushelper@mozilla.org version 2.0
1518034002654	addons.xpi	DEBUG	Registering manifest for C:\Program Files\Mozilla Firefox\browser\features\firefox@getpocket.com.xpi
1518034002654	addons.xpi	DEBUG	Calling bootstrap method startup on firefox@getpocket.com version 1.0.5
1518034002903	addons.xpi	DEBUG	Registering manifest for C:\Program Files\Mozilla Firefox\browser\features\followonsearch@mozilla.com.xpi
1518034002904	addons.xpi	DEBUG	Calling bootstrap method startup on followonsearch@mozilla.com version 0.9.6
1518034002906	addons.xpi	DEBUG	Registering manifest for C:\Program Files\Mozilla Firefox\browser\features\formautofill@mozilla.org.xpi
1518034002908	addons.xpi	DEBUG	Calling bootstrap method startup on formautofill@mozilla.org version 1.0
1518034002909	addons.xpi	DEBUG	Registering manifest for C:\Program Files\Mozilla Firefox\browser\features\onboarding@mozilla.org.xpi
1518034002910	addons.xpi	DEBUG	Calling bootstrap method startup on onboarding@mozilla.org version 1.0
1518034002911	addons.xpi	DEBUG	Registering manifest for C:\Program Files\Mozilla Firefox\browser\features\screenshots@mozilla.org.xpi
1518034002913	addons.xpi	DEBUG	Calling bootstrap method startup on screenshots@mozilla.org version 25.0.0
1518034002914	addons.xpi	DEBUG	Registering manifest for C:\Program Files\Mozilla Firefox\browser\features\shield-recipe-client@mozilla.org.xpi
1518034002915	addons.xpi	DEBUG	Calling bootstrap method startup on shield-recipe-client@mozilla.org version 76.1
1518034002948	addons.xpi	DEBUG	Registering manifest for C:\Program Files\Mozilla Firefox\browser\features\webcompat@mozilla.org.xpi
1518034002949	addons.xpi	DEBUG	Calling bootstrap method startup on webcompat@mozilla.org version 1.1
1518034002974	addons.manager	DEBUG	Registering shutdown blocker for XPIProvider
1518034002974	addons.manager	DEBUG	Provider finished startup: XPIProvider
1518034002974	addons.manager	DEBUG	Starting provider: LightweightThemeManager
1518034002974	addons.manager	DEBUG	Registering shutdown blocker for LightweightThemeManager
1518034002974	addons.manager	DEBUG	Provider finished startup: LightweightThemeManager
1518034002975	addons.manager	DEBUG	Starting provider: GMPProvider
1518034002989	addons.manager	DEBUG	Registering shutdown blocker for GMPProvider
1518034002989	addons.manager	DEBUG	Provider finished startup: GMPProvider
1518034002989	addons.manager	DEBUG	Starting provider: PluginProvider
1518034002989	addons.manager	DEBUG	Registering shutdown blocker for PluginProvider
1518034002989	addons.manager	DEBUG	Provider finished startup: PluginProvider
1518034002990	addons.manager	DEBUG	Completed startup sequence
	at org.openqa.selenium.firefox.internal.NewProfileExtensionConnection.start(NewProfileExtensionConnection.java:113)
	... 257 more</msg>
<status endtime="20180207 16:07:24.732" starttime="20180207 16:06:26.025" status="FAIL"></status>
</kw>
<status endtime="20180207 16:07:24.752" starttime="20180207 16:06:26.020" status="FAIL"></status>
</kw>
<doc>Prueba CBSBO-1003 "SUBCRIPTORES INVALIDOS"</doc>
<tags>
</tags>
<status critical="yes" endtime="20180207 16:07:24.757" starttime="20180207 16:06:26.003" status="FAIL">org.openqa.selenium.WebDriverException: Failed to connect to binary FirefoxBinary(C:\Program Files\Mozilla Firefox\firefox.exe) on port 7055; process output follows: 
ors"]},"visible":true,"active":true,"userDisabled":false,"appDisabled":false,"installDate":1518008163984,"updateDate":1518008163984,"applyBackgroundUpdates":1,"path":"C:\\Program Files\\Mozilla Firefox\\browser\\extensions\\{972ce4c6-7e08-4474-a